@!@!@STARTMSG 2262:0 @!@!@
TLC2 Version 2.19 of 08 August 2024 (rev: 5a47802)
@!@!@ENDMSG 2262 @!@!@
@!@!@STARTMSG 2187:0 @!@!@
Running breadth-first search Model-Checking with fp 110 and seed -4419769044689152887 with 4 workers on 8 cores with 1198MB heap and 2692MB offheap memory [pid: 23104] (Windows 10 10.0 amd64, AdoptOpenJDK 14.0.1 x86_64, OffHeapDiskFPSet, DiskStateQueue).
@!@!@ENDMSG 2187 @!@!@
@!@!@STARTMSG 2220:0 @!@!@
Starting SANY...
@!@!@ENDMSG 2220 @!@!@
Parsing file C:\Users\eitam\TLA+\vsfs\vsfs.toolbox\Safety_1\MC.tla
Parsing file C:\Users\eitam\TLA+\vsfs\vsfs.toolbox\Safety_1\vsfs.tla
Parsing file C:\Program Files\TLAToolbox-1.7.4\toolbox\plugins\org.lamport.tlatools_1.0.0.202408081326\tla2sany\StandardModules\TLC.tla
Parsing file C:\Program Files\TLAToolbox-1.7.4\toolbox\plugins\org.lamport.tlatools_1.0.0.202408081326\tla2sany\StandardModules\Naturals.tla
Parsing file C:\Program Files\TLAToolbox-1.7.4\toolbox\plugins\org.lamport.tlatools_1.0.0.202408081326\tla2sany\StandardModules\Sequences.tla
Parsing file C:\Program Files\TLAToolbox-1.7.4\toolbox\plugins\org.lamport.tlatools_1.0.0.202408081326\tla2sany\StandardModules\FiniteSets.tla
Semantic processing of module Naturals
Semantic processing of module Sequences
Semantic processing of module FiniteSets
Semantic processing of module TLC
Semantic processing of module vsfs
Semantic processing of module MC
@!@!@STARTMSG 2219:0 @!@!@
SANY finished.
@!@!@ENDMSG 2219 @!@!@
@!@!@STARTMSG 2185:0 @!@!@
Starting... (2025-06-06 18:32:10)
@!@!@ENDMSG 2185 @!@!@
@!@!@STARTMSG 2189:0 @!@!@
Computing initial states...
@!@!@ENDMSG 2189 @!@!@
@!@!@STARTMSG 2190:0 @!@!@
Finished computing initial states: 1 distinct state generated at 2025-06-06 18:32:11.
@!@!@ENDMSG 2190 @!@!@
@!@!@STARTMSG 2110:1 @!@!@
Invariant AllUsedBlocksAreAllocated is violated.
@!@!@ENDMSG 2110 @!@!@
@!@!@STARTMSG 2121:1 @!@!@
The behavior up to this point is:
@!@!@ENDMSG 2121 @!@!@
@!@!@STARTMSG 2217:4 @!@!@
1: <Initial predicate>
/\ curFileName = "None"
/\ inodes = ( 0 :> [valid |-> TRUE, isDir |-> TRUE, size |-> 0, blocks |-> {}] @@
  1 :> [valid |-> FALSE, isDir |-> FALSE, size |-> 0, blocks |-> {}] @@
  2 :> [valid |-> FALSE, isDir |-> FALSE, size |-> 0, blocks |-> {}] @@
  3 :> [valid |-> FALSE, isDir |-> FALSE, size |-> 0, blocks |-> {}] )
/\ delete_stage = "idle"
/\ freeBlocks = {2, 3, 4}
/\ dir = << >>
/\ curINode = 0

@!@!@ENDMSG 2217 @!@!@
@!@!@STARTMSG 2217:4 @!@!@
2: <Next line 154, col 12 to line 158, col 75 of module vsfs>
/\ curFileName = "None"
/\ inodes = ( 0 :> [valid |-> TRUE, isDir |-> TRUE, size |-> 0, blocks |-> {}] @@
  1 :> [valid |-> FALSE, isDir |-> FALSE, size |-> 0, blocks |-> {}] @@
  2 :> [valid |-> TRUE, isDir |-> FALSE, size |-> 0, blocks |-> {}] @@
  3 :> [valid |-> FALSE, isDir |-> FALSE, size |-> 0, blocks |-> {}] )
/\ delete_stage = "idle"
/\ freeBlocks = {2, 3, 4}
/\ dir = [f1 |-> 2]
/\ curINode = 0

@!@!@ENDMSG 2217 @!@!@
@!@!@STARTMSG 2217:4 @!@!@
3: <Next line 173, col 12 to line 202, col 46 of module vsfs>
/\ curFileName = "f1"
/\ inodes = ( 0 :> [valid |-> TRUE, isDir |-> TRUE, size |-> 0, blocks |-> {}] @@
  1 :> [valid |-> FALSE, isDir |-> FALSE, size |-> 0, blocks |-> {}] @@
  2 :> [valid |-> TRUE, isDir |-> FALSE, size |-> 0, blocks |-> {}] @@
  3 :> [valid |-> FALSE, isDir |-> FALSE, size |-> 0, blocks |-> {}] )
/\ delete_stage = "remove_dir_entry"
/\ freeBlocks = {2, 3, 4}
/\ dir = [f1 |-> 2]
/\ curINode = 0

@!@!@ENDMSG 2217 @!@!@
@!@!@STARTMSG 2217:4 @!@!@
4: <Next line 173, col 12 to line 202, col 46 of module vsfs>
/\ curFileName = "f1"
/\ inodes = ( 0 :> [valid |-> TRUE, isDir |-> TRUE, size |-> 0, blocks |-> {}] @@
  1 :> [valid |-> FALSE, isDir |-> FALSE, size |-> 0, blocks |-> {}] @@
  2 :> [valid |-> TRUE, isDir |-> FALSE, size |-> 0, blocks |-> {}] @@
  3 :> [valid |-> FALSE, isDir |-> FALSE, size |-> 0, blocks |-> {}] )
/\ delete_stage = "invalidate_inode"
/\ freeBlocks = {2, 3, 4}
/\ dir = << >>
/\ curINode = 2

@!@!@ENDMSG 2217 @!@!@
@!@!@STARTMSG 2217:4 @!@!@
5: <Next line 173, col 12 to line 202, col 46 of module vsfs>
/\ curFileName = "f1"
/\ inodes = ( 0 :> [valid |-> TRUE, isDir |-> TRUE, size |-> 0, blocks |-> {}] @@
  1 :> [valid |-> FALSE, isDir |-> FALSE, size |-> 0, blocks |-> {}] @@
  2 :> [valid |-> FALSE, isDir |-> FALSE, size |-> 0, blocks |-> {}] @@
  3 :> [valid |-> FALSE, isDir |-> FALSE, size |-> 0, blocks |-> {}] )
/\ delete_stage = "free_blocks"
/\ freeBlocks = {2, 3, 4}
/\ dir = << >>
/\ curINode = 2

@!@!@ENDMSG 2217 @!@!@
@!@!@STARTMSG 2217:4 @!@!@
6: <Next line 154, col 12 to line 158, col 75 of module vsfs>
/\ curFileName = "f1"
/\ inodes = ( 0 :> [valid |-> TRUE, isDir |-> TRUE, size |-> 0, blocks |-> {}] @@
  1 :> [valid |-> FALSE, isDir |-> FALSE, size |-> 0, blocks |-> {}] @@
  2 :> [valid |-> TRUE, isDir |-> FALSE, size |-> 0, blocks |-> {}] @@
  3 :> [valid |-> FALSE, isDir |-> FALSE, size |-> 0, blocks |-> {}] )
/\ delete_stage = "free_blocks"
/\ freeBlocks = {2, 3, 4}
/\ dir = [f2 |-> 2]
/\ curINode = 2

@!@!@ENDMSG 2217 @!@!@
@!@!@STARTMSG 2217:4 @!@!@
7: <Next line 159, col 12 to line 167, col 68 of module vsfs>
/\ curFileName = "f1"
/\ inodes = ( 0 :> [valid |-> TRUE, isDir |-> TRUE, size |-> 0, blocks |-> {}] @@
  1 :> [valid |-> FALSE, isDir |-> FALSE, size |-> 0, blocks |-> {}] @@
  2 :> [valid |-> TRUE, isDir |-> FALSE, size |-> 1, blocks |-> {2}] @@
  3 :> [valid |-> FALSE, isDir |-> FALSE, size |-> 0, blocks |-> {}] )
/\ delete_stage = "free_blocks"
/\ freeBlocks = {3, 4}
/\ dir = [f2 |-> 2]
/\ curINode = 2

@!@!@ENDMSG 2217 @!@!@
@!@!@STARTMSG 2217:4 @!@!@
8: <Next line 173, col 12 to line 202, col 46 of module vsfs>
/\ curFileName = "None"
/\ inodes = ( 0 :> [valid |-> TRUE, isDir |-> TRUE, size |-> 0, blocks |-> {}] @@
  1 :> [valid |-> FALSE, isDir |-> FALSE, size |-> 0, blocks |-> {}] @@
  2 :> [valid |-> TRUE, isDir |-> FALSE, size |-> 1, blocks |-> {2}] @@
  3 :> [valid |-> FALSE, isDir |-> FALSE, size |-> 0, blocks |-> {}] )
/\ delete_stage = "idle"
/\ freeBlocks = {2, 3, 4}
/\ dir = [f2 |-> 2]
/\ curINode = 0

@!@!@ENDMSG 2217 @!@!@
@!@!@STARTMSG 2201:0 @!@!@
The coverage statistics at 2025-06-06 18:32:12
@!@!@ENDMSG 2201 @!@!@
@!@!@STARTMSG 2773:0 @!@!@
<Init line 142, col 1 to line 142, col 4 of module vsfs>: 2:2
@!@!@ENDMSG 2773 @!@!@
@!@!@STARTMSG 2221:0 @!@!@
  line 143, col 9 to line 152, col 32 of module vsfs: 2
@!@!@ENDMSG 2221 @!@!@
@!@!@STARTMSG 2772:0 @!@!@
<Next line 154, col 1 to line 154, col 4 of module vsfs (154 12 158 75)>: 772:9617
@!@!@ENDMSG 2772 @!@!@
@!@!@STARTMSG 2221:0 @!@!@
  line 155, col 37 to line 155, col 52 of module vsfs: 109537
@!@!@ENDMSG 2221 @!@!@
@!@!@STARTMSG 2221:0 @!@!@
  |line 155, col 38 to line 155, col 52 of module vsfs: 99920
@!@!@ENDMSG 2221 @!@!@
@!@!@STARTMSG 2221:0 @!@!@
  line 155, col 57 to line 155, col 78 of module vsfs: 24368
@!@!@ENDMSG 2221 @!@!@
@!@!@STARTMSG 2221:0 @!@!@
  |line 155, col 57 to line 155, col 60 of module vsfs: 14751
@!@!@ENDMSG 2221 @!@!@
@!@!@STARTMSG 2221:0 @!@!@
  |line 155, col 69 to line 155, col 78 of module vsfs: 14751
@!@!@ENDMSG 2221 @!@!@
@!@!@STARTMSG 2221:0 @!@!@
  line 156, col 22 to line 156, col 131 of module vsfs: 9617
@!@!@ENDMSG 2221 @!@!@
@!@!@STARTMSG 2221:0 @!@!@
  line 157, col 22 to line 157, col 93 of module vsfs: 9617
@!@!@ENDMSG 2221 @!@!@
@!@!@STARTMSG 2221:0 @!@!@
  line 155, col 26 to line 155, col 33 of module vsfs: 24980
@!@!@ENDMSG 2221 @!@!@
@!@!@STARTMSG 2221:0 @!@!@
  line 154, col 27 to line 154, col 51 of module vsfs: 7603
@!@!@ENDMSG 2221 @!@!@
@!@!@STARTMSG 2221:0 @!@!@
  line 158, col 15 to line 158, col 75 of module vsfs: 9617
@!@!@ENDMSG 2221 @!@!@
@!@!@STARTMSG 2772:0 @!@!@
<Next line 154, col 1 to line 154, col 4 of module vsfs (159 12 167 68)>: 2763:19294
@!@!@ENDMSG 2772 @!@!@
@!@!@STARTMSG 2221:0 @!@!@
  line 161, col 22 to line 161, col 139 of module vsfs: 13313
@!@!@ENDMSG 2221 @!@!@
@!@!@STARTMSG 2221:0 @!@!@
  |line 161, col 22 to line 161, col 87 of module vsfs: 13313
@!@!@ENDMSG 2221 @!@!@
@!@!@STARTMSG 2221:0 @!@!@
  |line 161, col 92 to line 161, col 139 of module vsfs: 11467
@!@!@ENDMSG 2221 @!@!@
@!@!@STARTMSG 2221:0 @!@!@
  line 163, col 32 to line 164, col 123 of module vsfs: 16433
@!@!@ENDMSG 2221 @!@!@
@!@!@STARTMSG 2221:0 @!@!@
  line 162, col 39 to line 162, col 48 of module vsfs: 10452
@!@!@ENDMSG 2221 @!@!@
@!@!@STARTMSG 2221:0 @!@!@
  line 165, col 30 to line 165, col 33 of module vsfs: 2861
@!@!@ENDMSG 2221 @!@!@
@!@!@STARTMSG 2221:0 @!@!@
  line 166, col 30 to line 166, col 63 of module vsfs: 2861
@!@!@ENDMSG 2221 @!@!@
@!@!@STARTMSG 2221:0 @!@!@
  line 159, col 27 to line 159, col 52 of module vsfs: 7601
@!@!@ENDMSG 2221 @!@!@
@!@!@STARTMSG 2221:0 @!@!@
  line 167, col 15 to line 167, col 68 of module vsfs: 19294
@!@!@ENDMSG 2221 @!@!@
@!@!@STARTMSG 2772:0 @!@!@
<Next line 154, col 1 to line 154, col 4 of module vsfs (168 12 172 88)>: 0:8765
@!@!@ENDMSG 2772 @!@!@
@!@!@STARTMSG 2221:0 @!@!@
  line 171, col 21 to line 171, col 24 of module vsfs: 8765
@!@!@ENDMSG 2221 @!@!@
@!@!@STARTMSG 2221:0 @!@!@
  line 170, col 33 to line 170, col 55 of module vsfs: 13312
@!@!@ENDMSG 2221 @!@!@
@!@!@STARTMSG 2221:0 @!@!@
  line 168, col 27 to line 168, col 52 of module vsfs: 7600
@!@!@ENDMSG 2221 @!@!@
@!@!@STARTMSG 2221:0 @!@!@
  line 172, col 15 to line 172, col 88 of module vsfs: 8765
@!@!@ENDMSG 2221 @!@!@
@!@!@STARTMSG 2772:0 @!@!@
<Next line 154, col 1 to line 154, col 4 of module vsfs (173 12 202 46)>: 10363:10848
@!@!@ENDMSG 2772 @!@!@
@!@!@STARTMSG 2221:0 @!@!@
  line 173, col 18 to line 173, col 38 of module vsfs: 7600
@!@!@ENDMSG 2221 @!@!@
@!@!@STARTMSG 2221:0 @!@!@
  line 175, col 28 to line 176, col 64 of module vsfs: 5418
@!@!@ENDMSG 2221 @!@!@
@!@!@STARTMSG 2221:0 @!@!@
  line 174, col 38 to line 174, col 47 of module vsfs: 2170
@!@!@ENDMSG 2221 @!@!@
@!@!@STARTMSG 2221:0 @!@!@
  line 177, col 26 to line 177, col 74 of module vsfs: 5418
@!@!@ENDMSG 2221 @!@!@
@!@!@STARTMSG 2221:0 @!@!@
  line 178, col 29 to line 178, col 61 of module vsfs: 5430
@!@!@ENDMSG 2221 @!@!@
@!@!@STARTMSG 2221:0 @!@!@
  line 180, col 39 to line 182, col 75 of module vsfs: 3481
@!@!@ENDMSG 2221 @!@!@
@!@!@STARTMSG 2221:0 @!@!@
  line 183, col 37 to line 184, col 63 of module vsfs: 3481
@!@!@ENDMSG 2221 @!@!@
@!@!@STARTMSG 2221:0 @!@!@
  line 185, col 40 to line 185, col 72 of module vsfs: 1949
@!@!@ENDMSG 2221 @!@!@
@!@!@STARTMSG 2221:0 @!@!@
  line 186, col 48 to line 186, col 148 of module vsfs: 1463
@!@!@ENDMSG 2221 @!@!@
@!@!@STARTMSG 2221:0 @!@!@
  line 187, col 48 to line 187, col 76 of module vsfs: 1463
@!@!@ENDMSG 2221 @!@!@
@!@!@STARTMSG 2221:0 @!@!@
  line 188, col 48 to line 190, col 71 of module vsfs: 1463
@!@!@ENDMSG 2221 @!@!@
@!@!@STARTMSG 2221:0 @!@!@
  line 191, col 51 to line 191, col 78 of module vsfs: 486
@!@!@ENDMSG 2221 @!@!@
@!@!@STARTMSG 2221:0 @!@!@
  line 192, col 59 to line 192, col 113 of module vsfs: 482
@!@!@ENDMSG 2221 @!@!@
@!@!@STARTMSG 2221:0 @!@!@
  |line 192, col 74 to line 192, col 112 of module vsfs: 486
@!@!@ENDMSG 2221 @!@!@
@!@!@STARTMSG 2221:0 @!@!@
  line 193, col 59 to line 193, col 80 of module vsfs: 482
@!@!@ENDMSG 2221 @!@!@
@!@!@STARTMSG 2221:0 @!@!@
  line 194, col 59 to line 194, col 79 of module vsfs: 482
@!@!@ENDMSG 2221 @!@!@
@!@!@STARTMSG 2221:0 @!@!@
  line 195, col 59 to line 195, col 71 of module vsfs: 482
@!@!@ENDMSG 2221 @!@!@
@!@!@STARTMSG 2221:0 @!@!@
  line 197, col 59 to line 200, col 86 of module vsfs: 0
@!@!@ENDMSG 2221 @!@!@
@!@!@STARTMSG 2221:0 @!@!@
  line 201, col 48 to line 201, col 63 of module vsfs: 482
@!@!@ENDMSG 2221 @!@!@
@!@!@STARTMSG 2221:0 @!@!@
  line 202, col 37 to line 202, col 46 of module vsfs: 1945
@!@!@ENDMSG 2221 @!@!@
@!@!@STARTMSG 2221:0 @!@!@
  |line 202, col 44 to line 202, col 46 of module vsfs: 1949
@!@!@ENDMSG 2221 @!@!@
@!@!@STARTMSG 2774:0 @!@!@
<NoDoubleAllocation line 214, col 1 to line 214, col 18 of module vsfs>
@!@!@ENDMSG 2774 @!@!@
@!@!@STARTMSG 2221:0 @!@!@
  line 215, col 3 to line 217, col 62 of module vsfs: 13899
@!@!@ENDMSG 2221 @!@!@
@!@!@STARTMSG 2221:0 @!@!@
  |line 216, col 5 to line 217, col 62 of module vsfs: 55596
@!@!@ENDMSG 2221 @!@!@
@!@!@STARTMSG 2221:0 @!@!@
  ||line 217, col 7 to line 217, col 62 of module vsfs: 222384
@!@!@ENDMSG 2221 @!@!@
@!@!@STARTMSG 2221:0 @!@!@
  |||line 217, col 8 to line 217, col 12 of module vsfs: 222384
@!@!@ENDMSG 2221 @!@!@
@!@!@STARTMSG 2221:0 @!@!@
  |||line 217, col 19 to line 217, col 61 of module vsfs: 166788
@!@!@ENDMSG 2221 @!@!@
@!@!@STARTMSG 2221:0 @!@!@
  ||line 216, col 14 to line 216, col 26 of module vsfs: 55596
@!@!@ENDMSG 2221 @!@!@
@!@!@STARTMSG 2221:0 @!@!@
  |line 215, col 12 to line 215, col 24 of module vsfs: 13899
@!@!@ENDMSG 2221 @!@!@
@!@!@STARTMSG 2774:0 @!@!@
<AllDirEntriesPointToValidInodes line 220, col 1 to line 220, col 31 of module vsfs>
@!@!@ENDMSG 2774 @!@!@
@!@!@STARTMSG 2221:0 @!@!@
  line 221, col 3 to line 222, col 48 of module vsfs: 13899
@!@!@ENDMSG 2221 @!@!@
@!@!@STARTMSG 2221:0 @!@!@
  |line 222, col 14 to line 222, col 22 of module vsfs: 29807
@!@!@ENDMSG 2221 @!@!@
@!@!@STARTMSG 2221:0 @!@!@
  |line 222, col 27 to line 222, col 48 of module vsfs: 29807
@!@!@ENDMSG 2221 @!@!@
@!@!@STARTMSG 2221:0 @!@!@
  |line 221, col 15 to line 221, col 24 of module vsfs: 13899
@!@!@ENDMSG 2221 @!@!@
@!@!@STARTMSG 2774:0 @!@!@
<AllUsedBlocksAreAllocated line 225, col 1 to line 225, col 25 of module vsfs>
@!@!@ENDMSG 2774 @!@!@
@!@!@STARTMSG 2221:0 @!@!@
  line 226, col 3 to line 232, col 36 of module vsfs: 13899
@!@!@ENDMSG 2221 @!@!@
@!@!@STARTMSG 2221:0 @!@!@
  |line 226, col 6 to line 228, col 55 of module vsfs: 13899
@!@!@ENDMSG 2221 @!@!@
@!@!@STARTMSG 2221:0 @!@!@
  ||line 227, col 8 to line 228, col 55 of module vsfs: 55592
@!@!@ENDMSG 2221 @!@!@
@!@!@STARTMSG 2221:0 @!@!@
  |||line 227, col 8 to line 227, col 22 of module vsfs: 55592
@!@!@ENDMSG 2221 @!@!@
@!@!@STARTMSG 2221:0 @!@!@
  |||line 228, col 10 to line 228, col 55 of module vsfs: 47186
@!@!@ENDMSG 2221 @!@!@
@!@!@STARTMSG 2221:0 @!@!@
  ||||line 228, col 37 to line 228, col 55 of module vsfs: 23196
@!@!@ENDMSG 2221 @!@!@
@!@!@STARTMSG 2221:0 @!@!@
  ||||line 228, col 19 to line 228, col 34 of module vsfs: 47186
@!@!@ENDMSG 2221 @!@!@
@!@!@STARTMSG 2221:0 @!@!@
  ||line 226, col 15 to line 226, col 27 of module vsfs: 13899
@!@!@ENDMSG 2221 @!@!@
@!@!@STARTMSG 2221:0 @!@!@
  |line 229, col 6 to line 232, col 36 of module vsfs: 13895
@!@!@ENDMSG 2221 @!@!@
@!@!@STARTMSG 2221:0 @!@!@
  ||line 230, col 8 to line 232, col 36 of module vsfs: 17199
@!@!@ENDMSG 2221 @!@!@
@!@!@STARTMSG 2221:0 @!@!@
  |||line 231, col 10 to line 232, col 36 of module vsfs: 68796
@!@!@ENDMSG 2221 @!@!@
@!@!@STARTMSG 2221:0 @!@!@
  ||||line 231, col 10 to line 231, col 24 of module vsfs: 68796
@!@!@ENDMSG 2221 @!@!@
@!@!@STARTMSG 2221:0 @!@!@
  ||||line 232, col 12 to line 232, col 36 of module vsfs: 56282
@!@!@ENDMSG 2221 @!@!@
@!@!@STARTMSG 2221:0 @!@!@
  |||line 230, col 17 to line 230, col 29 of module vsfs: 17199
@!@!@ENDMSG 2221 @!@!@
@!@!@STARTMSG 2221:0 @!@!@
  ||line 229, col 15 to line 229, col 24 of module vsfs: 13895
@!@!@ENDMSG 2221 @!@!@
@!@!@STARTMSG 2774:0 @!@!@
<FreeInodesAreUnreferencedAndBlockless line 235, col 1 to line 235, col 37 of module vsfs>
@!@!@ENDMSG 2774 @!@!@
@!@!@STARTMSG 2221:0 @!@!@
  line 236, col 3 to line 239, col 30 of module vsfs: 13895
@!@!@ENDMSG 2221 @!@!@
@!@!@STARTMSG 2221:0 @!@!@
  |line 237, col 5 to line 239, col 30 of module vsfs: 55580
@!@!@ENDMSG 2221 @!@!@
@!@!@STARTMSG 2221:0 @!@!@
  ||line 237, col 5 to line 237, col 20 of module vsfs: 55580
@!@!@ENDMSG 2221 @!@!@
@!@!@STARTMSG 2221:0 @!@!@
  ||line 238, col 7 to line 239, col 30 of module vsfs: 8402
@!@!@ENDMSG 2221 @!@!@
@!@!@STARTMSG 2221:0 @!@!@
  |||line 238, col 10 to line 238, col 46 of module vsfs: 8402
@!@!@ENDMSG 2221 @!@!@
@!@!@STARTMSG 2221:0 @!@!@
  ||||line 238, col 34 to line 238, col 46 of module vsfs: 11944
@!@!@ENDMSG 2221 @!@!@
@!@!@STARTMSG 2221:0 @!@!@
  ||||line 238, col 22 to line 238, col 31 of module vsfs: 8402
@!@!@ENDMSG 2221 @!@!@
@!@!@STARTMSG 2221:0 @!@!@
  |||line 239, col 10 to line 239, col 30 of module vsfs: 8402
@!@!@ENDMSG 2221 @!@!@
@!@!@STARTMSG 2221:0 @!@!@
  |line 236, col 12 to line 236, col 24 of module vsfs: 13895
@!@!@ENDMSG 2221 @!@!@
@!@!@STARTMSG 2202:0 @!@!@
End of statistics.
@!@!@ENDMSG 2202 @!@!@
@!@!@STARTMSG 2200:0 @!@!@
Progress(9) at 2025-06-06 18:32:12: 48,465 states generated (1,158,064 s/min), 13,899 distinct states found (332,114 ds/min), 6,299 states left on queue.
@!@!@ENDMSG 2200 @!@!@
@!@!@STARTMSG 2199:0 @!@!@
48465 states generated, 13899 distinct states found, 6299 states left on queue.
@!@!@ENDMSG 2199 @!@!@
@!@!@STARTMSG 2194:0 @!@!@
The depth of the complete state graph search is 9.
@!@!@ENDMSG 2194 @!@!@
@!@!@STARTMSG 2268:0 @!@!@
The average outdegree of the complete state graph is 2 (minimum is 0, the maximum 12 and the 95th percentile is 5).
@!@!@ENDMSG 2268 @!@!@
@!@!@STARTMSG 2186:0 @!@!@
Finished in 2522ms at (2025-06-06 18:32:12)
@!@!@ENDMSG 2186 @!@!@
