@!@!@STARTMSG 2262:0 @!@!@
TLC2 Version 2.19 of 08 August 2024 (rev: 5a47802)
@!@!@ENDMSG 2262 @!@!@
@!@!@STARTMSG 2187:0 @!@!@
Running breadth-first search Model-Checking with fp 63 and seed -8644451826239391753 with 4 workers on 8 cores with 1198MB heap and 2692MB offheap memory [pid: 16932] (Windows 10 10.0 amd64, AdoptOpenJDK 14.0.1 x86_64, OffHeapDiskFPSet, DiskStateQueue).
@!@!@ENDMSG 2187 @!@!@
@!@!@STARTMSG 2220:0 @!@!@
Starting SANY...
@!@!@ENDMSG 2220 @!@!@
Parsing file C:\Users\eitam\TLA+\vsfs\vsfs.toolbox\Safety_1\MC.tla
Parsing file C:\Users\eitam\TLA+\vsfs\vsfs.toolbox\Safety_1\vsfs.tla
Parsing file C:\Program Files\TLAToolbox-1.7.4\toolbox\plugins\org.lamport.tlatools_1.0.0.202408081326\tla2sany\StandardModules\TLC.tla
Parsing file C:\Program Files\TLAToolbox-1.7.4\toolbox\plugins\org.lamport.tlatools_1.0.0.202408081326\tla2sany\StandardModules\Naturals.tla
Parsing file C:\Program Files\TLAToolbox-1.7.4\toolbox\plugins\org.lamport.tlatools_1.0.0.202408081326\tla2sany\StandardModules\Sequences.tla
Parsing file C:\Program Files\TLAToolbox-1.7.4\toolbox\plugins\org.lamport.tlatools_1.0.0.202408081326\tla2sany\StandardModules\FiniteSets.tla
Semantic processing of module Naturals
Semantic processing of module Sequences
Semantic processing of module FiniteSets
Semantic processing of module TLC
Semantic processing of module vsfs
Semantic processing of module MC
@!@!@STARTMSG 2219:0 @!@!@
SANY finished.
@!@!@ENDMSG 2219 @!@!@
@!@!@STARTMSG 2185:0 @!@!@
Starting... (2025-06-06 13:37:28)
@!@!@ENDMSG 2185 @!@!@
@!@!@STARTMSG 2189:0 @!@!@
Computing initial states...
@!@!@ENDMSG 2189 @!@!@
@!@!@STARTMSG 2190:0 @!@!@
Finished computing initial states: 1 distinct state generated at 2025-06-06 13:37:29.
@!@!@ENDMSG 2190 @!@!@
@!@!@STARTMSG 2114:1 @!@!@
Deadlock reached.
@!@!@ENDMSG 2114 @!@!@
@!@!@STARTMSG 2121:1 @!@!@
The behavior up to this point is:
@!@!@ENDMSG 2121 @!@!@
@!@!@STARTMSG 2217:4 @!@!@
1: <Initial predicate>
/\ inodes = ( 0 :> [valid |-> TRUE, isDir |-> TRUE, size |-> 0, blocks |-> {}] @@
  1 :> [valid |-> FALSE, isDir |-> FALSE, size |-> 0, blocks |-> {}] @@
  2 :> [valid |-> FALSE, isDir |-> FALSE, size |-> 0, blocks |-> {}] @@
  3 :> [valid |-> FALSE, isDir |-> FALSE, size |-> 0, blocks |-> {}] )
/\ pc = "Main"
/\ freeBlocks = {2, 3, 4}
/\ dir = << >>

@!@!@ENDMSG 2217 @!@!@
@!@!@STARTMSG 2217:4 @!@!@
2: <Main line 128, col 9 to line 133, col 50 of module vsfs>
/\ inodes = ( 0 :> [valid |-> TRUE, isDir |-> TRUE, size |-> 0, blocks |-> {}] @@
  1 :> [valid |-> FALSE, isDir |-> FALSE, size |-> 0, blocks |-> {}] @@
  2 :> [valid |-> FALSE, isDir |-> FALSE, size |-> 0, blocks |-> {}] @@
  3 :> [valid |-> FALSE, isDir |-> FALSE, size |-> 0, blocks |-> {}] )
/\ pc = "WriteFileOp"
/\ freeBlocks = {2, 3, 4}
/\ dir = << >>

@!@!@ENDMSG 2217 @!@!@
@!@!@STARTMSG 2201:0 @!@!@
The coverage statistics at 2025-06-06 13:37:29
@!@!@ENDMSG 2201 @!@!@
@!@!@STARTMSG 2773:0 @!@!@
<Init line 118, col 1 to line 118, col 4 of module vsfs>: 2:2
@!@!@ENDMSG 2773 @!@!@
@!@!@STARTMSG 2221:0 @!@!@
  line 119, col 9 to line 126, col 22 of module vsfs: 2
@!@!@ENDMSG 2221 @!@!@
@!@!@STARTMSG 2772:0 @!@!@
<Main line 128, col 1 to line 128, col 4 of module vsfs>: 32:36
@!@!@ENDMSG 2772 @!@!@
@!@!@STARTMSG 2221:0 @!@!@
  line 128, col 12 to line 128, col 22 of module vsfs: 22
@!@!@ENDMSG 2221 @!@!@
@!@!@STARTMSG 2221:0 @!@!@
  |line 128, col 12 to line 128, col 13 of module vsfs: 13
@!@!@ENDMSG 2221 @!@!@
@!@!@STARTMSG 2221:0 @!@!@
  line 129, col 12 to line 132, col 37 of module vsfs: 9
@!@!@ENDMSG 2221 @!@!@
@!@!@STARTMSG 2221:0 @!@!@
  line 133, col 12 to line 133, col 50 of module vsfs: 36
@!@!@ENDMSG 2221 @!@!@
@!@!@STARTMSG 2772:0 @!@!@
<CreateFileOp line 135, col 1 to line 135, col 12 of module vsfs>: 12:12
@!@!@ENDMSG 2772 @!@!@
@!@!@STARTMSG 2221:0 @!@!@
  line 135, col 20 to line 135, col 38 of module vsfs: 13
@!@!@ENDMSG 2221 @!@!@
@!@!@STARTMSG 2221:0 @!@!@
  |line 135, col 20 to line 135, col 21 of module vsfs: 12
@!@!@ENDMSG 2221 @!@!@
@!@!@STARTMSG 2221:0 @!@!@
  line 137, col 42 to line 137, col 57 of module vsfs: 28
@!@!@ENDMSG 2221 @!@!@
@!@!@STARTMSG 2221:0 @!@!@
  |line 137, col 43 to line 137, col 57 of module vsfs: 16
@!@!@ENDMSG 2221 @!@!@
@!@!@STARTMSG 2221:0 @!@!@
  line 137, col 62 to line 137, col 83 of module vsfs: 24
@!@!@ENDMSG 2221 @!@!@
@!@!@STARTMSG 2221:0 @!@!@
  |line 137, col 62 to line 137, col 65 of module vsfs: 12
@!@!@ENDMSG 2221 @!@!@
@!@!@STARTMSG 2221:0 @!@!@
  |line 137, col 74 to line 137, col 83 of module vsfs: 12
@!@!@ENDMSG 2221 @!@!@
@!@!@STARTMSG 2221:0 @!@!@
  line 138, col 27 to line 138, col 136 of module vsfs: 12
@!@!@ENDMSG 2221 @!@!@
@!@!@STARTMSG 2221:0 @!@!@
  line 139, col 27 to line 139, col 98 of module vsfs: 12
@!@!@ENDMSG 2221 @!@!@
@!@!@STARTMSG 2221:0 @!@!@
  line 137, col 31 to line 137, col 38 of module vsfs: 4
@!@!@ENDMSG 2221 @!@!@
@!@!@STARTMSG 2221:0 @!@!@
  line 136, col 32 to line 136, col 40 of module vsfs: 1
@!@!@ENDMSG 2221 @!@!@
@!@!@STARTMSG 2221:0 @!@!@
  line 140, col 20 to line 140, col 31 of module vsfs: 12
@!@!@ENDMSG 2221 @!@!@
@!@!@STARTMSG 2221:0 @!@!@
  line 141, col 20 to line 141, col 39 of module vsfs: 12
@!@!@ENDMSG 2221 @!@!@
@!@!@STARTMSG 2772:0 @!@!@
<WriteFileOp line 143, col 1 to line 143, col 11 of module vsfs>: 0:0
@!@!@ENDMSG 2772 @!@!@
@!@!@STARTMSG 2221:0 @!@!@
  line 143, col 19 to line 143, col 36 of module vsfs: 12
@!@!@ENDMSG 2221 @!@!@
@!@!@STARTMSG 2221:0 @!@!@
  line 148, col 39 to line 148, col 68 of module vsfs: 0
@!@!@ENDMSG 2221 @!@!@
@!@!@STARTMSG 2221:0 @!@!@
  line 149, col 39 to line 149, col 127 of module vsfs: 0
@!@!@ENDMSG 2221 @!@!@
@!@!@STARTMSG 2221:0 @!@!@
  line 151, col 34 to line 151, col 67 of module vsfs: 0
@!@!@ENDMSG 2221 @!@!@
@!@!@STARTMSG 2221:0 @!@!@
  line 144, col 31 to line 144, col 40 of module vsfs: 1
@!@!@ENDMSG 2221 @!@!@
@!@!@STARTMSG 2221:0 @!@!@
  line 152, col 19 to line 152, col 30 of module vsfs: 0
@!@!@ENDMSG 2221 @!@!@
@!@!@STARTMSG 2221:0 @!@!@
  line 153, col 19 to line 153, col 28 of module vsfs: 0
@!@!@ENDMSG 2221 @!@!@
@!@!@STARTMSG 2772:0 @!@!@
<ReadFileOp line 155, col 1 to line 155, col 10 of module vsfs>: 0:0
@!@!@ENDMSG 2772 @!@!@
@!@!@STARTMSG 2221:0 @!@!@
  line 155, col 18 to line 155, col 34 of module vsfs: 12
@!@!@ENDMSG 2221 @!@!@
@!@!@STARTMSG 2221:0 @!@!@
  line 156, col 18 to line 159, col 27 of module vsfs: 1
@!@!@ENDMSG 2221 @!@!@
@!@!@STARTMSG 2221:0 @!@!@
  line 160, col 18 to line 160, col 29 of module vsfs: 0
@!@!@ENDMSG 2221 @!@!@
@!@!@STARTMSG 2221:0 @!@!@
  line 161, col 18 to line 161, col 56 of module vsfs: 0
@!@!@ENDMSG 2221 @!@!@
@!@!@STARTMSG 2772:0 @!@!@
<DeleteFileOp line 163, col 1 to line 163, col 12 of module vsfs>: 0:0
@!@!@ENDMSG 2772 @!@!@
@!@!@STARTMSG 2221:0 @!@!@
  line 163, col 20 to line 163, col 38 of module vsfs: 12
@!@!@ENDMSG 2221 @!@!@
@!@!@STARTMSG 2221:0 @!@!@
  line 166, col 27 to line 166, col 74 of module vsfs: 0
@!@!@ENDMSG 2221 @!@!@
@!@!@STARTMSG 2221:0 @!@!@
  line 167, col 27 to line 167, col 71 of module vsfs: 0
@!@!@ENDMSG 2221 @!@!@
@!@!@STARTMSG 2221:0 @!@!@
  line 168, col 27 to line 168, col 120 of module vsfs: 0
@!@!@ENDMSG 2221 @!@!@
@!@!@STARTMSG 2221:0 @!@!@
  line 164, col 32 to line 164, col 41 of module vsfs: 1
@!@!@ENDMSG 2221 @!@!@
@!@!@STARTMSG 2221:0 @!@!@
  line 169, col 20 to line 169, col 31 of module vsfs: 0
@!@!@ENDMSG 2221 @!@!@
@!@!@STARTMSG 2774:0 @!@!@
<FreeInodesAreUnreferencedAndBlockless line 204, col 1 to line 204, col 37 of module vsfs>
@!@!@ENDMSG 2774 @!@!@
@!@!@STARTMSG 2221:0 @!@!@
  line 205, col 3 to line 208, col 30 of module vsfs: 45
@!@!@ENDMSG 2221 @!@!@
@!@!@STARTMSG 2221:0 @!@!@
  |line 206, col 5 to line 208, col 30 of module vsfs: 180
@!@!@ENDMSG 2221 @!@!@
@!@!@STARTMSG 2221:0 @!@!@
  ||line 206, col 5 to line 206, col 20 of module vsfs: 180
@!@!@ENDMSG 2221 @!@!@
@!@!@STARTMSG 2221:0 @!@!@
  ||line 207, col 7 to line 208, col 30 of module vsfs: 95
@!@!@ENDMSG 2221 @!@!@
@!@!@STARTMSG 2221:0 @!@!@
  |||line 207, col 10 to line 207, col 46 of module vsfs: 95
@!@!@ENDMSG 2221 @!@!@
@!@!@STARTMSG 2221:0 @!@!@
  ||||line 207, col 34 to line 207, col 46 of module vsfs: 80
@!@!@ENDMSG 2221 @!@!@
@!@!@STARTMSG 2221:0 @!@!@
  ||||line 207, col 22 to line 207, col 31 of module vsfs: 95
@!@!@ENDMSG 2221 @!@!@
@!@!@STARTMSG 2221:0 @!@!@
  |||line 208, col 10 to line 208, col 30 of module vsfs: 95
@!@!@ENDMSG 2221 @!@!@
@!@!@STARTMSG 2221:0 @!@!@
  |line 205, col 12 to line 205, col 24 of module vsfs: 45
@!@!@ENDMSG 2221 @!@!@
@!@!@STARTMSG 2202:0 @!@!@
End of statistics.
@!@!@ENDMSG 2202 @!@!@
@!@!@STARTMSG 2200:0 @!@!@
Progress(4) at 2025-06-06 13:37:29: 45 states generated (1,983 s/min), 45 distinct states found (1,983 ds/min), 33 states left on queue.
@!@!@ENDMSG 2200 @!@!@
@!@!@STARTMSG 2199:0 @!@!@
45 states generated, 45 distinct states found, 33 states left on queue.
@!@!@ENDMSG 2199 @!@!@
@!@!@STARTMSG 2194:0 @!@!@
The depth of the complete state graph search is 4.
@!@!@ENDMSG 2194 @!@!@
@!@!@STARTMSG 2268:0 @!@!@
The average outdegree of the complete state graph is 4 (minimum is 0, the maximum 12 and the 95th percentile is 12).
@!@!@ENDMSG 2268 @!@!@
@!@!@STARTMSG 2186:0 @!@!@
Finished in 1410ms at (2025-06-06 13:37:29)
@!@!@ENDMSG 2186 @!@!@
