@!@!@STARTMSG 2262:0 @!@!@
TLC2 Version 2.19 of 08 August 2024 (rev: 5a47802)
@!@!@ENDMSG 2262 @!@!@
@!@!@STARTMSG 2187:0 @!@!@
Running breadth-first search Model-Checking with fp 79 and seed -8807257473102184224 with 4 workers on 8 cores with 608MB heap and 1365MB offheap memory [pid: 43562] (Mac OS X 10.16 x86_64, AdoptOpenJDK 14.0.1 x86_64, OffHeapDiskFPSet, DiskStateQueue).
@!@!@ENDMSG 2187 @!@!@
@!@!@STARTMSG 2220:0 @!@!@
Starting SANY...
@!@!@ENDMSG 2220 @!@!@
Parsing file /Users/omerzohar/Desktop/learning/Degree-MSc/Semester1/Automatic Verification of Systems/Final Project/tlaplus-vsfs/vsfs.toolbox/Safety_1/MC.tla
Parsing file /Users/omerzohar/Desktop/learning/Degree-MSc/Semester1/Automatic Verification of Systems/Final Project/tlaplus-vsfs/vsfs.toolbox/Safety_1/vsfs.tla
Parsing file /Applications/TLA+ Toolbox.app/Contents/Eclipse/plugins/org.lamport.tlatools_1.0.0.202408081326/tla2sany/StandardModules/TLC.tla
Parsing file /Applications/TLA+ Toolbox.app/Contents/Eclipse/plugins/org.lamport.tlatools_1.0.0.202408081326/tla2sany/StandardModules/Naturals.tla
Parsing file /Applications/TLA+ Toolbox.app/Contents/Eclipse/plugins/org.lamport.tlatools_1.0.0.202408081326/tla2sany/StandardModules/Sequences.tla
Parsing file /Applications/TLA+ Toolbox.app/Contents/Eclipse/plugins/org.lamport.tlatools_1.0.0.202408081326/tla2sany/StandardModules/FiniteSets.tla
Semantic processing of module Naturals
Semantic processing of module Sequences
Semantic processing of module FiniteSets
Semantic processing of module TLC
Semantic processing of module vsfs
Semantic processing of module MC
@!@!@STARTMSG 2219:0 @!@!@
SANY finished.
@!@!@ENDMSG 2219 @!@!@
@!@!@STARTMSG 2185:0 @!@!@
Starting... (2025-06-08 13:11:51)
@!@!@ENDMSG 2185 @!@!@
@!@!@STARTMSG 2212:0 @!@!@
Implied-temporal checking--satisfiability problem has 1 branches.
@!@!@ENDMSG 2212 @!@!@
@!@!@STARTMSG 2189:0 @!@!@
Computing initial states...
@!@!@ENDMSG 2189 @!@!@
@!@!@STARTMSG 2190:0 @!@!@
Finished computing initial states: 1 distinct state generated at 2025-06-08 13:11:52.
@!@!@ENDMSG 2190 @!@!@
@!@!@STARTMSG 2200:0 @!@!@
Progress(37) at 2025-06-08 13:11:54: 58,454 states generated, 42,704 distinct states found, 0 states left on queue.
@!@!@ENDMSG 2200 @!@!@
@!@!@STARTMSG 2192:0 @!@!@
Checking temporal properties for the complete state space with 42704 total distinct states at (2025-06-08 13:11:54)
@!@!@ENDMSG 2192 @!@!@
@!@!@STARTMSG 2116:1 @!@!@
Temporal properties were violated.

@!@!@ENDMSG 2116 @!@!@
@!@!@STARTMSG 2264:1 @!@!@
The following behavior constitutes a counter-example:

@!@!@ENDMSG 2264 @!@!@
@!@!@STARTMSG 2217:4 @!@!@
1: <Initial predicate>
/\ delete_stage = "idle"
/\ curINode = 0
/\ curFileName = "None"
/\ inodes = ( 0 :> [valid |-> TRUE, isDir |-> TRUE, size |-> 0, blocks |-> {}] @@
  1 :> [valid |-> FALSE, isDir |-> FALSE, size |-> 0, blocks |-> {}] @@
  2 :> [valid |-> FALSE, isDir |-> FALSE, size |-> 0, blocks |-> {}] @@
  3 :> [valid |-> FALSE, isDir |-> FALSE, size |-> 0, blocks |-> {}] )
/\ freeBlocks = {2, 3, 4}
/\ create_stage = "idle"
/\ write_stage = "idle"
/\ curBlock = 0
/\ dir = << >>
/\ current_op = "none"

@!@!@ENDMSG 2217 @!@!@
@!@!@STARTMSG 2217:4 @!@!@
2: <Next line 188, col 9 to line 328, col 52 of module vsfs>
/\ delete_stage = "idle"
/\ curINode = 0
/\ curFileName = "None"
/\ inodes = ( 0 :> [valid |-> TRUE, isDir |-> TRUE, size |-> 0, blocks |-> {}] @@
  1 :> [valid |-> FALSE, isDir |-> FALSE, size |-> 0, blocks |-> {}] @@
  2 :> [valid |-> FALSE, isDir |-> FALSE, size |-> 0, blocks |-> {}] @@
  3 :> [valid |-> FALSE, isDir |-> FALSE, size |-> 0, blocks |-> {}] )
/\ freeBlocks = {2, 3, 4}
/\ create_stage = "idle"
/\ write_stage = "idle"
/\ curBlock = 0
/\ dir = << >>
/\ current_op = "create"

@!@!@ENDMSG 2217 @!@!@
@!@!@STARTMSG 2217:4 @!@!@
3: <Next line 188, col 9 to line 328, col 52 of module vsfs>
/\ delete_stage = "idle"
/\ curINode = 3
/\ curFileName = "f3"
/\ inodes = ( 0 :> [valid |-> TRUE, isDir |-> TRUE, size |-> 0, blocks |-> {}] @@
  1 :> [valid |-> FALSE, isDir |-> FALSE, size |-> 0, blocks |-> {}] @@
  2 :> [valid |-> FALSE, isDir |-> FALSE, size |-> 0, blocks |-> {}] @@
  3 :> [valid |-> TRUE, isDir |-> FALSE, size |-> 0, blocks |-> {}] )
/\ freeBlocks = {2, 3, 4}
/\ create_stage = "inode_created"
/\ write_stage = "idle"
/\ curBlock = 0
/\ dir = << >>
/\ current_op = "create"

@!@!@ENDMSG 2217 @!@!@
@!@!@STARTMSG 2217:4 @!@!@
4: <Next line 188, col 9 to line 328, col 52 of module vsfs>
/\ delete_stage = "idle"
/\ curINode = 0
/\ curFileName = "None"
/\ inodes = ( 0 :> [valid |-> TRUE, isDir |-> TRUE, size |-> 0, blocks |-> {}] @@
  1 :> [valid |-> FALSE, isDir |-> FALSE, size |-> 0, blocks |-> {}] @@
  2 :> [valid |-> FALSE, isDir |-> FALSE, size |-> 0, blocks |-> {}] @@
  3 :> [valid |-> TRUE, isDir |-> FALSE, size |-> 0, blocks |-> {}] )
/\ freeBlocks = {2, 3, 4}
/\ create_stage = "idle"
/\ write_stage = "idle"
/\ curBlock = 0
/\ dir = [f3 |-> 3]
/\ current_op = "none"

@!@!@ENDMSG 2217 @!@!@
@!@!@STARTMSG 2217:4 @!@!@
5: <Next line 188, col 9 to line 328, col 52 of module vsfs>
/\ delete_stage = "idle"
/\ curINode = 0
/\ curFileName = "None"
/\ inodes = ( 0 :> [valid |-> TRUE, isDir |-> TRUE, size |-> 0, blocks |-> {}] @@
  1 :> [valid |-> FALSE, isDir |-> FALSE, size |-> 0, blocks |-> {}] @@
  2 :> [valid |-> FALSE, isDir |-> FALSE, size |-> 0, blocks |-> {}] @@
  3 :> [valid |-> TRUE, isDir |-> FALSE, size |-> 0, blocks |-> {}] )
/\ freeBlocks = {2, 3, 4}
/\ create_stage = "idle"
/\ write_stage = "idle"
/\ curBlock = 0
/\ dir = [f3 |-> 3]
/\ current_op = "create"

@!@!@ENDMSG 2217 @!@!@
@!@!@STARTMSG 2217:4 @!@!@
6: <Next line 188, col 9 to line 328, col 52 of module vsfs>
/\ delete_stage = "idle"
/\ curINode = 2
/\ curFileName = "f1"
/\ inodes = ( 0 :> [valid |-> TRUE, isDir |-> TRUE, size |-> 0, blocks |-> {}] @@
  1 :> [valid |-> FALSE, isDir |-> FALSE, size |-> 0, blocks |-> {}] @@
  2 :> [valid |-> TRUE, isDir |-> FALSE, size |-> 0, blocks |-> {}] @@
  3 :> [valid |-> TRUE, isDir |-> FALSE, size |-> 0, blocks |-> {}] )
/\ freeBlocks = {2, 3, 4}
/\ create_stage = "inode_created"
/\ write_stage = "idle"
/\ curBlock = 0
/\ dir = [f3 |-> 3]
/\ current_op = "create"

@!@!@ENDMSG 2217 @!@!@
@!@!@STARTMSG 2217:4 @!@!@
7: <Next line 188, col 9 to line 328, col 52 of module vsfs>
/\ delete_stage = "idle"
/\ curINode = 0
/\ curFileName = "None"
/\ inodes = ( 0 :> [valid |-> TRUE, isDir |-> TRUE, size |-> 0, blocks |-> {}] @@
  1 :> [valid |-> FALSE, isDir |-> FALSE, size |-> 0, blocks |-> {}] @@
  2 :> [valid |-> TRUE, isDir |-> FALSE, size |-> 0, blocks |-> {}] @@
  3 :> [valid |-> TRUE, isDir |-> FALSE, size |-> 0, blocks |-> {}] )
/\ freeBlocks = {2, 3, 4}
/\ create_stage = "idle"
/\ write_stage = "idle"
/\ curBlock = 0
/\ dir = [f1 |-> 2, f3 |-> 3]
/\ current_op = "none"

@!@!@ENDMSG 2217 @!@!@
@!@!@STARTMSG 2217:4 @!@!@
8: <Next line 188, col 9 to line 328, col 52 of module vsfs>
/\ delete_stage = "idle"
/\ curINode = 0
/\ curFileName = "None"
/\ inodes = ( 0 :> [valid |-> TRUE, isDir |-> TRUE, size |-> 0, blocks |-> {}] @@
  1 :> [valid |-> FALSE, isDir |-> FALSE, size |-> 0, blocks |-> {}] @@
  2 :> [valid |-> TRUE, isDir |-> FALSE, size |-> 0, blocks |-> {}] @@
  3 :> [valid |-> TRUE, isDir |-> FALSE, size |-> 0, blocks |-> {}] )
/\ freeBlocks = {2, 3, 4}
/\ create_stage = "idle"
/\ write_stage = "idle"
/\ curBlock = 0
/\ dir = [f1 |-> 2, f3 |-> 3]
/\ current_op = "create"

@!@!@ENDMSG 2217 @!@!@
@!@!@STARTMSG 2217:4 @!@!@
9: <Next line 188, col 9 to line 328, col 52 of module vsfs>
/\ delete_stage = "idle"
/\ curINode = 1
/\ curFileName = "f2"
/\ inodes = ( 0 :> [valid |-> TRUE, isDir |-> TRUE, size |-> 0, blocks |-> {}] @@
  1 :> [valid |-> TRUE, isDir |-> FALSE, size |-> 0, blocks |-> {}] @@
  2 :> [valid |-> TRUE, isDir |-> FALSE, size |-> 0, blocks |-> {}] @@
  3 :> [valid |-> TRUE, isDir |-> FALSE, size |-> 0, blocks |-> {}] )
/\ freeBlocks = {2, 3, 4}
/\ create_stage = "inode_created"
/\ write_stage = "idle"
/\ curBlock = 0
/\ dir = [f1 |-> 2, f3 |-> 3]
/\ current_op = "create"

@!@!@ENDMSG 2217 @!@!@
@!@!@STARTMSG 2217:4 @!@!@
10: <Next line 188, col 9 to line 328, col 52 of module vsfs>
/\ delete_stage = "idle"
/\ curINode = 0
/\ curFileName = "None"
/\ inodes = ( 0 :> [valid |-> TRUE, isDir |-> TRUE, size |-> 0, blocks |-> {}] @@
  1 :> [valid |-> TRUE, isDir |-> FALSE, size |-> 0, blocks |-> {}] @@
  2 :> [valid |-> TRUE, isDir |-> FALSE, size |-> 0, blocks |-> {}] @@
  3 :> [valid |-> TRUE, isDir |-> FALSE, size |-> 0, blocks |-> {}] )
/\ freeBlocks = {2, 3, 4}
/\ create_stage = "idle"
/\ write_stage = "idle"
/\ curBlock = 0
/\ dir = [f1 |-> 2, f2 |-> 1, f3 |-> 3]
/\ current_op = "none"

@!@!@ENDMSG 2217 @!@!@
@!@!@STARTMSG 2217:4 @!@!@
11: <Next line 188, col 9 to line 328, col 52 of module vsfs>
/\ delete_stage = "idle"
/\ curINode = 0
/\ curFileName = "None"
/\ inodes = ( 0 :> [valid |-> TRUE, isDir |-> TRUE, size |-> 0, blocks |-> {}] @@
  1 :> [valid |-> TRUE, isDir |-> FALSE, size |-> 0, blocks |-> {}] @@
  2 :> [valid |-> TRUE, isDir |-> FALSE, size |-> 0, blocks |-> {}] @@
  3 :> [valid |-> TRUE, isDir |-> FALSE, size |-> 0, blocks |-> {}] )
/\ freeBlocks = {2, 3, 4}
/\ create_stage = "idle"
/\ write_stage = "idle"
/\ curBlock = 0
/\ dir = [f1 |-> 2, f2 |-> 1, f3 |-> 3]
/\ current_op = "create"

@!@!@ENDMSG 2217 @!@!@
@!@!@STARTMSG 2218:4 @!@!@
12: Stuttering
@!@!@ENDMSG 2218 @!@!@
@!@!@STARTMSG 2267:0 @!@!@
Finished checking temporal properties in 00s at 2025-06-08 13:11:54
@!@!@ENDMSG 2267 @!@!@
@!@!@STARTMSG 2201:0 @!@!@
The coverage statistics at 2025-06-08 13:11:54
@!@!@ENDMSG 2201 @!@!@
@!@!@STARTMSG 2773:0 @!@!@
<Init line 172, col 1 to line 172, col 4 of module vsfs>: 2:2
@!@!@ENDMSG 2773 @!@!@
@!@!@STARTMSG 2221:0 @!@!@
  line 173, col 9 to line 186, col 30 of module vsfs: 2
@!@!@ENDMSG 2221 @!@!@
@!@!@STARTMSG 2772:0 @!@!@
<Next line 188, col 1 to line 188, col 4 of module vsfs>: 42703:58488
@!@!@ENDMSG 2772 @!@!@
@!@!@STARTMSG 2221:0 @!@!@
  line 188, col 12 to line 188, col 30 of module vsfs: 42714
@!@!@ENDMSG 2221 @!@!@
@!@!@STARTMSG 2221:0 @!@!@
  line 189, col 20 to line 191, col 47 of module vsfs: 3213
@!@!@ENDMSG 2221 @!@!@
@!@!@STARTMSG 2221:0 @!@!@
  line 192, col 20 to line 194, col 60 of module vsfs: 9639
@!@!@ENDMSG 2221 @!@!@
@!@!@STARTMSG 2221:0 @!@!@
  line 195, col 23 to line 195, col 43 of module vsfs: 39501
@!@!@ENDMSG 2221 @!@!@
@!@!@STARTMSG 2221:0 @!@!@
  line 196, col 34 to line 196, col 54 of module vsfs: 6803
@!@!@ENDMSG 2221 @!@!@
@!@!@STARTMSG 2221:0 @!@!@
  line 198, col 80 to line 198, col 95 of module vsfs: 42152
@!@!@ENDMSG 2221 @!@!@
@!@!@STARTMSG 2221:0 @!@!@
  |line 198, col 81 to line 198, col 95 of module vsfs: 38544
@!@!@ENDMSG 2221 @!@!@
@!@!@STARTMSG 2221:0 @!@!@
  line 198, col 100 to line 198, col 121 of module vsfs: 10076
@!@!@ENDMSG 2221 @!@!@
@!@!@STARTMSG 2221:0 @!@!@
  |line 198, col 100 to line 198, col 103 of module vsfs: 6468
@!@!@ENDMSG 2221 @!@!@
@!@!@STARTMSG 2221:0 @!@!@
  |line 198, col 112 to line 198, col 121 of module vsfs: 6468
@!@!@ENDMSG 2221 @!@!@
@!@!@STARTMSG 2221:0 @!@!@
  line 199, col 52 to line 199, col 161 of module vsfs: 3608
@!@!@ENDMSG 2221 @!@!@
@!@!@STARTMSG 2221:0 @!@!@
  line 200, col 52 to line 200, col 64 of module vsfs: 3608
@!@!@ENDMSG 2221 @!@!@
@!@!@STARTMSG 2221:0 @!@!@
  line 201, col 52 to line 201, col 70 of module vsfs: 3608
@!@!@ENDMSG 2221 @!@!@
@!@!@STARTMSG 2221:0 @!@!@
  line 202, col 52 to line 202, col 82 of module vsfs: 3608
@!@!@ENDMSG 2221 @!@!@
@!@!@STARTMSG 2221:0 @!@!@
  line 198, col 56 to line 198, col 76 of module vsfs: 12848
@!@!@ENDMSG 2221 @!@!@
@!@!@STARTMSG 2221:0 @!@!@
  line 203, col 50 to line 203, col 71 of module vsfs: 3608
@!@!@ENDMSG 2221 @!@!@
@!@!@STARTMSG 2221:0 @!@!@
  line 204, col 58 to line 204, col 77 of module vsfs: 0
@!@!@ENDMSG 2221 @!@!@
@!@!@STARTMSG 2221:0 @!@!@
  line 205, col 58 to line 205, col 61 of module vsfs: 3608
@!@!@ENDMSG 2221 @!@!@
@!@!@STARTMSG 2221:0 @!@!@
  line 206, col 58 to line 206, col 77 of module vsfs: 3608
@!@!@ENDMSG 2221 @!@!@
@!@!@STARTMSG 2221:0 @!@!@
  line 197, col 54 to line 197, col 62 of module vsfs: 3212
@!@!@ENDMSG 2221 @!@!@
@!@!@STARTMSG 2221:0 @!@!@
  line 207, col 42 to line 207, col 51 of module vsfs: 3608
@!@!@ENDMSG 2221 @!@!@
@!@!@STARTMSG 2221:0 @!@!@
  line 208, col 45 to line 208, col 74 of module vsfs: 3591
@!@!@ENDMSG 2221 @!@!@
@!@!@STARTMSG 2221:0 @!@!@
  line 209, col 50 to line 213, col 72 of module vsfs: 3591
@!@!@ENDMSG 2221 @!@!@
@!@!@STARTMSG 2221:0 @!@!@
  line 215, col 53 to line 219, col 78 of module vsfs: 0
@!@!@ENDMSG 2221 @!@!@
@!@!@STARTMSG 2221:0 @!@!@
  line 220, col 42 to line 220, col 57 of module vsfs: 3591
@!@!@ENDMSG 2221 @!@!@
@!@!@STARTMSG 2221:0 @!@!@
  line 221, col 31 to line 222, col 71 of module vsfs: 7199
@!@!@ENDMSG 2221 @!@!@
@!@!@STARTMSG 2221:0 @!@!@
  line 223, col 34 to line 223, col 53 of module vsfs: 32698
@!@!@ENDMSG 2221 @!@!@
@!@!@STARTMSG 2221:0 @!@!@
  line 224, col 45 to line 224, col 104 of module vsfs: 9869
@!@!@ENDMSG 2221 @!@!@
@!@!@STARTMSG 2221:0 @!@!@
  |line 224, col 45 to line 224, col 64 of module vsfs: 9869
@!@!@ENDMSG 2221 @!@!@
@!@!@STARTMSG 2221:0 @!@!@
  |line 224, col 70 to line 224, col 103 of module vsfs: 4325
@!@!@ENDMSG 2221 @!@!@
@!@!@STARTMSG 2221:0 @!@!@
  ||line 224, col 70 to line 224, col 84 of module vsfs: 4325
@!@!@ENDMSG 2221 @!@!@
@!@!@STARTMSG 2221:0 @!@!@
  ||line 224, col 89 to line 224, col 103 of module vsfs: 1876
@!@!@ENDMSG 2221 @!@!@
@!@!@STARTMSG 2221:0 @!@!@
  line 225, col 53 to line 225, col 72 of module vsfs: 2453
@!@!@ENDMSG 2221 @!@!@
@!@!@STARTMSG 2221:0 @!@!@
  line 226, col 53 to line 231, col 79 of module vsfs: 2453
@!@!@ENDMSG 2221 @!@!@
@!@!@STARTMSG 2221:0 @!@!@
  line 232, col 56 to line 232, col 75 of module vsfs: 7416
@!@!@ENDMSG 2221 @!@!@
@!@!@STARTMSG 2221:0 @!@!@
  line 235, col 71 to line 235, col 188 of module vsfs: 4584
@!@!@ENDMSG 2221 @!@!@
@!@!@STARTMSG 2221:0 @!@!@
  line 237, col 81 to line 241, col 111 of module vsfs: 5544
@!@!@ENDMSG 2221 @!@!@
@!@!@STARTMSG 2221:0 @!@!@
  line 236, col 88 to line 236, col 97 of module vsfs: 4116
@!@!@ENDMSG 2221 @!@!@
@!@!@STARTMSG 2221:0 @!@!@
  line 242, col 79 to line 242, col 82 of module vsfs: 468
@!@!@ENDMSG 2221 @!@!@
@!@!@STARTMSG 2221:0 @!@!@
  line 243, col 79 to line 247, col 105 of module vsfs: 468
@!@!@ENDMSG 2221 @!@!@
@!@!@STARTMSG 2221:0 @!@!@
  line 233, col 76 to line 233, col 101 of module vsfs: 1872
@!@!@ENDMSG 2221 @!@!@
@!@!@STARTMSG 2221:0 @!@!@
  line 248, col 67 to line 248, col 87 of module vsfs: 6012
@!@!@ENDMSG 2221 @!@!@
@!@!@STARTMSG 2221:0 @!@!@
  line 249, col 72 to line 249, col 94 of module vsfs: 468
@!@!@ENDMSG 2221 @!@!@
@!@!@STARTMSG 2221:0 @!@!@
  line 250, col 75 to line 250, col 78 of module vsfs: 5544
@!@!@ENDMSG 2221 @!@!@
@!@!@STARTMSG 2221:0 @!@!@
  line 251, col 75 to line 251, col 94 of module vsfs: 5544
@!@!@ENDMSG 2221 @!@!@
@!@!@STARTMSG 2221:0 @!@!@
  line 252, col 64 to line 252, col 79 of module vsfs: 6012
@!@!@ENDMSG 2221 @!@!@
@!@!@STARTMSG 2221:0 @!@!@
  line 253, col 67 to line 253, col 93 of module vsfs: 5544
@!@!@ENDMSG 2221 @!@!@
@!@!@STARTMSG 2221:0 @!@!@
  line 254, col 72 to line 258, col 95 of module vsfs: 5544
@!@!@ENDMSG 2221 @!@!@
@!@!@STARTMSG 2221:0 @!@!@
  line 260, col 75 to line 264, col 101 of module vsfs: 0
@!@!@ENDMSG 2221 @!@!@
@!@!@STARTMSG 2221:0 @!@!@
  line 265, col 64 to line 266, col 89 of module vsfs: 5544
@!@!@ENDMSG 2221 @!@!@
@!@!@STARTMSG 2221:0 @!@!@
  line 267, col 42 to line 267, col 74 of module vsfs: 14009
@!@!@ENDMSG 2221 @!@!@
@!@!@STARTMSG 2221:0 @!@!@
  line 268, col 45 to line 268, col 65 of module vsfs: 22829
@!@!@ENDMSG 2221 @!@!@
@!@!@STARTMSG 2221:0 @!@!@
  line 269, col 56 to line 269, col 95 of module vsfs: 22829
@!@!@ENDMSG 2221 @!@!@
@!@!@STARTMSG 2221:0 @!@!@
  |line 269, col 56 to line 269, col 76 of module vsfs: 22829
@!@!@ENDMSG 2221 @!@!@
@!@!@STARTMSG 2221:0 @!@!@
  |line 269, col 81 to line 269, col 95 of module vsfs: 3209
@!@!@ENDMSG 2221 @!@!@
@!@!@STARTMSG 2221:0 @!@!@
  line 270, col 64 to line 270, col 83 of module vsfs: 5
@!@!@ENDMSG 2221 @!@!@
@!@!@STARTMSG 2221:0 @!@!@
  line 271, col 64 to line 276, col 91 of module vsfs: 5
@!@!@ENDMSG 2221 @!@!@
@!@!@STARTMSG 2221:0 @!@!@
  line 277, col 67 to line 277, col 87 of module vsfs: 22824
@!@!@ENDMSG 2221 @!@!@
@!@!@STARTMSG 2221:0 @!@!@
  line 279, col 77 to line 280, col 113 of module vsfs: 8016
@!@!@ENDMSG 2221 @!@!@
@!@!@STARTMSG 2221:0 @!@!@
  line 278, col 87 to line 278, col 96 of module vsfs: 3204
@!@!@ENDMSG 2221 @!@!@
@!@!@STARTMSG 2221:0 @!@!@
  line 281, col 78 to line 281, col 99 of module vsfs: 8016
@!@!@ENDMSG 2221 @!@!@
@!@!@STARTMSG 2221:0 @!@!@
  line 282, col 86 to line 282, col 105 of module vsfs: 0
@!@!@ENDMSG 2221 @!@!@
@!@!@STARTMSG 2221:0 @!@!@
  line 283, col 86 to line 283, col 89 of module vsfs: 8016
@!@!@ENDMSG 2221 @!@!@
@!@!@STARTMSG 2221:0 @!@!@
  line 284, col 86 to line 284, col 105 of module vsfs: 8016
@!@!@ENDMSG 2221 @!@!@
@!@!@STARTMSG 2221:0 @!@!@
  line 285, col 75 to line 288, col 98 of module vsfs: 8016
@!@!@ENDMSG 2221 @!@!@
@!@!@STARTMSG 2221:0 @!@!@
  line 289, col 78 to line 289, col 110 of module vsfs: 19620
@!@!@ENDMSG 2221 @!@!@
@!@!@STARTMSG 2221:0 @!@!@
  line 291, col 88 to line 293, col 124 of module vsfs: 8016
@!@!@ENDMSG 2221 @!@!@
@!@!@STARTMSG 2221:0 @!@!@
  line 294, col 86 to line 297, col 111 of module vsfs: 8016
@!@!@ENDMSG 2221 @!@!@
@!@!@STARTMSG 2221:0 @!@!@
  line 298, col 89 to line 298, col 121 of module vsfs: 11604
@!@!@ENDMSG 2221 @!@!@
@!@!@STARTMSG 2221:0 @!@!@
  line 299, col 97 to line 299, col 197 of module vsfs: 8016
@!@!@ENDMSG 2221 @!@!@
@!@!@STARTMSG 2221:0 @!@!@
  line 300, col 97 to line 300, col 125 of module vsfs: 8016
@!@!@ENDMSG 2221 @!@!@
@!@!@STARTMSG 2221:0 @!@!@
  line 301, col 97 to line 304, col 122 of module vsfs: 8016
@!@!@ENDMSG 2221 @!@!@
@!@!@STARTMSG 2221:0 @!@!@
  line 305, col 100 to line 305, col 127 of module vsfs: 3588
@!@!@ENDMSG 2221 @!@!@
@!@!@STARTMSG 2221:0 @!@!@
  line 306, col 105 to line 310, col 127 of module vsfs: 3588
@!@!@ENDMSG 2221 @!@!@
@!@!@STARTMSG 2221:0 @!@!@
  line 312, col 108 to line 316, col 133 of module vsfs: 0
@!@!@ENDMSG 2221 @!@!@
@!@!@STARTMSG 2221:0 @!@!@
  line 317, col 97 to line 317, col 112 of module vsfs: 3588
@!@!@ENDMSG 2221 @!@!@
@!@!@STARTMSG 2221:0 @!@!@
  line 318, col 86 to line 318, col 95 of module vsfs: 11604
@!@!@ENDMSG 2221 @!@!@
@!@!@STARTMSG 2221:0 @!@!@
  line 320, col 53 to line 326, col 78 of module vsfs: 0
@!@!@ENDMSG 2221 @!@!@
@!@!@STARTMSG 2221:0 @!@!@
  line 327, col 42 to line 327, col 78 of module vsfs: 27641
@!@!@ENDMSG 2221 @!@!@
@!@!@STARTMSG 2221:0 @!@!@
  line 328, col 31 to line 328, col 52 of module vsfs: 41650
@!@!@ENDMSG 2221 @!@!@
@!@!@STARTMSG 2202:0 @!@!@
End of statistics.
@!@!@ENDMSG 2202 @!@!@
@!@!@STARTMSG 2200:0 @!@!@
Progress(37) at 2025-06-08 13:11:54: 58,454 states generated (911,681 s/min), 42,704 distinct states found (666,035 ds/min), 0 states left on queue.
@!@!@ENDMSG 2200 @!@!@
@!@!@STARTMSG 2199:0 @!@!@
58454 states generated, 42704 distinct states found, 0 states left on queue.
@!@!@ENDMSG 2199 @!@!@
@!@!@STARTMSG 2186:0 @!@!@
Finished in 3868ms at (2025-06-08 13:11:54)
@!@!@ENDMSG 2186 @!@!@
